<?xml version="1.0" encoding="UTF-8"?>
<!-- Generated by org.testng.reporters.JUnitReportReporter -->
<testsuite hostname="INLN34327371A" name="Project2AR.com.sap.projecttest.AR.Bcp" tests="1" failures="0" timestamp="13 Aug 2019 12:14:44 GMT" time="24.218" errors="0">
  <testcase name="launch" time="24.218" classname="Project2AR.com.sap.projecttest.AR.Bcp"/>
</testsuite> <!-- Project2AR.com.sap.projecttest.AR.Bcp -->
